<?xml version="1.0" encoding="UTF-8"?>
<!-- Generated by org.testng.reporters.JUnitReportReporter -->
<testsuite hostname="ArnabLaptop" failures="0" tests="1" name="Test.Booking" time="44.938" errors="0" timestamp="2023-02-23T08:23:48 IST" skipped="0">
  <testcase classname="Test.Booking" name="testOne" time="44.938"/>
  <system-out/>
</testsuite> <!-- Test.Booking -->
