<?xml version="1.0" encoding="UTF-8"?>
<!-- Generated by org.testng.reporters.JUnitReportReporter -->
<testsuite hostname="ArnabLaptop" failures="0" tests="5" name="Test.TestClass" time="67.027" errors="0" timestamp="2023-02-20T09:33:24 IST" skipped="0">
  <testcase classname="Test.TestClass" name="testThree" time="11.872"/>
  <system-out/>
  <testcase classname="Test.TestClass" name="testTwo" time="10.316"/>
  <system-out/>
  <testcase classname="Test.TestClass" name="testFive" time="12.466"/>
  <system-out/>
  <testcase classname="Test.TestClass" name="testOne" time="19.250"/>
  <system-out/>
  <testcase classname="Test.TestClass" name="testFour" time="13.123"/>
  <system-out/>
</testsuite> <!-- Test.TestClass -->
